{
  "stats": {
    "suites": 1,
    "tests": 2,
    "passes": 2,
    "pending": 0,
    "failures": 0,
    "start": "2025-10-25T16:24:58.990Z",
    "end": "2025-10-25T16:25:07.008Z",
    "duration": 8018,
    "testsRegistered": 2,
    "passPercent": 100,
    "pendingPercent": 0,
    "other": 0,
    "hasOther": false,
    "skipped": 0,
    "hasSkipped": false
  },
  "results": [
    {
      "uuid": "d71a9433-ef9d-4fe8-aa3a-ace382577765",
      "title": "",
      "fullFile": "C:\\Users\\ThinkPad\\Desktop\\SESI9 - WEB UI AUTO\\tests\\saucedemo-test.js",
      "file": "\\tests\\saucedemo-test.js",
      "beforeHooks": [],
      "afterHooks": [],
      "tests": [],
      "suites": [
        {
          "uuid": "a24f8927-18e7-47ff-92fb-72dc1cd9d9e2",
          "title": "SauceDemo Automation",
          "fullFile": "C:\\Users\\ThinkPad\\Desktop\\SESI9 - WEB UI AUTO\\tests\\saucedemo-test.js",
          "file": "\\tests\\saucedemo-test.js",
          "beforeHooks": [],
          "afterHooks": [],
          "tests": [
            {
              "title": "Test Case 1 - Login sukse dengan valid password",
              "fullTitle": "SauceDemo Automation Test Case 1 - Login sukse dengan valid password",
              "timedOut": false,
              "duration": 3566,
              "state": "passed",
              "speed": "slow",
              "pass": true,
              "fail": false,
              "pending": false,
              "context": null,
              "code": "// kenapa pake serviceBuilder? karena chromedrivernya pakai yang v141, jadi harus setting pathnya yang sesuai juga\nconst service = new chrome.ServiceBuilder('C:\\\\Users\\\\ThinkPad\\\\Downloads\\\\chromedriver-win64\\\\chromedriver.exe');\nconst options = new chrome.Options();\noptions.addArguments('--incognito');\ndriver = await new Builder()\n    .forBrowser('chrome')\n    .setChromeOptions(options)\n    .setChromeService(service)\n    .build();\nawait driver.get('https://www.saucedemo.com');\n// input username dan password\nconst inputUsername = await driver.findElement(By.css('[data-test=\"username\"]'));\nconst inputPassword = await driver.findElement(By.xpath('//*[@data-test=\"password\"]'));\nconst buttonLogin = await driver.findElement(By.css('.submit-button.btn_action'));\nawait inputUsername.sendKeys('standard_user');\nawait inputPassword.sendKeys('secret_sauce');\nawait buttonLogin.click();\nconst title = await driver.getTitle();\nassert.strictEqual(title, 'Swag Labs');\nawait driver.sleep(2000); // pakai sleep agar freeze sebentar untuk cek dan debug",
              "err": {},
              "uuid": "284cee5d-9669-4fe6-bb7f-6c3079bd5a0e",
              "parentUUID": "a24f8927-18e7-47ff-92fb-72dc1cd9d9e2",
              "isHook": false,
              "skipped": false
            },
            {
              "title": "Test case 2 - Sort produk Low to High",
              "fullTitle": "SauceDemo Automation Test case 2 - Sort produk Low to High",
              "timedOut": false,
              "duration": 4437,
              "state": "passed",
              "speed": "slow",
              "pass": true,
              "fail": false,
              "pending": false,
              "context": null,
              "code": "const service = new chrome.ServiceBuilder('C:\\\\Users\\\\ThinkPad\\\\Downloads\\\\chromedriver-win64\\\\chromedriver.exe');\nconst options = new chrome.Options();\noptions.addArguments('--incognito');\n// menunggu sampai produk muncul\nconst dropdownSort = await driver.wait(\n    until.elementLocated(By.css('[data-test=\"product-sort-container\"]')),\n    10000\n);\n// mensortir produk dengan price low to high\nawait dropdownSort.click();\nconst priceLowToHigh = await driver.findElement(By.xpath('//option[text()=\"Price (low to high)\"]'));\nawait priceLowToHigh.click();\nawait driver.sleep(2000); // pakai sleep agar freeze sebentar untuk cek dan debug\n// cek element pertama harganya paling murah\nconst firstPrice = await driver.findElement(By.css('.inventory_item_price'));\nconst priceText = await firstPrice.getText(); // misal \"$7.99\"\nassert.ok(priceText.includes('$')); // minimal cek ada price\nawait driver.sleep(2000);\nawait driver.quit();",
              "err": {},
              "uuid": "1819ed84-30dc-4b05-8561-daa19d59e38b",
              "parentUUID": "a24f8927-18e7-47ff-92fb-72dc1cd9d9e2",
              "isHook": false,
              "skipped": false
            }
          ],
          "suites": [],
          "passes": [
            "284cee5d-9669-4fe6-bb7f-6c3079bd5a0e",
            "1819ed84-30dc-4b05-8561-daa19d59e38b"
          ],
          "failures": [],
          "pending": [],
          "skipped": [],
          "duration": 8003,
          "root": false,
          "rootEmpty": false,
          "_timeout": 60000
        }
      ],
      "passes": [],
      "failures": [],
      "pending": [],
      "skipped": [],
      "duration": 0,
      "root": true,
      "rootEmpty": true,
      "_timeout": 60000
    }
  ],
  "meta": {
    "mocha": {
      "version": "10.8.2"
    },
    "mochawesome": {
      "options": {
        "quiet": false,
        "reportFilename": "mochawesome",
        "saveHtml": true,
        "saveJson": true,
        "consoleReporter": "spec",
        "useInlineDiffs": false,
        "code": true
      },
      "version": "7.1.4"
    },
    "marge": {
      "options": null,
      "version": "6.3.0"
    }
  }
}